
  .   ____          _            __ _ _
 /\\ / ___'_ __ _ _(_)_ __  __ _ \ \ \ \
( ( )\___ | '_ | '_| | '_ \/ _` | \ \ \ \
 \\/  ___)| |_)| | | | | || (_| |  ) ) ) )
  '  |____| .__|_| |_|_| |_\__, | / / / /
 =========|_|==============|___/=/_/_/_/

 :: Spring Boot ::                (v3.3.2)

2026-04-12T10:34:35.552+09:00  INFO 97076 --- [simulab-backend] [           main] com.simulab.SimuLabBackendApplication    : Starting SimuLabBackendApplication using Java 17.0.18 with PID 97076 (D:\vscodeProject\SimuLab\backend\target\classes started by ĚĆżĄ in D:\vscodeProject\SimuLab\backend)
2026-04-12T10:34:35.554+09:00 DEBUG 97076 --- [simulab-backend] [           main] com.simulab.SimuLabBackendApplication    : Running with Spring Boot v3.3.2, Spring v6.1.11
2026-04-12T10:34:35.557+09:00  INFO 97076 --- [simulab-backend] [           main] com.simulab.SimuLabBackendApplication    : The following 1 profile is active: "dev"
2026-04-12T10:34:38.082+09:00  INFO 97076 --- [simulab-backend] [           main] .s.d.r.c.RepositoryConfigurationDelegate : Multiple Spring Data modules found, entering strict repository configuration mode
2026-04-12T10:34:38.096+09:00  INFO 97076 --- [simulab-backend] [           main] .s.d.r.c.RepositoryConfigurationDelegate : Bootstrapping Spring Data Redis repositories in DEFAULT mode.
2026-04-12T10:34:38.231+09:00  INFO 97076 --- [simulab-backend] [           main] .s.d.r.c.RepositoryConfigurationDelegate : Finished Spring Data repository scanning in 92 ms. Found 0 Redis repository interfaces.
2026-04-12T10:34:40.250+09:00  INFO 97076 --- [simulab-backend] [           main] o.s.b.w.embedded.tomcat.TomcatWebServer  : Tomcat initialized with port 18082 (http)
2026-04-12T10:34:40.276+09:00  INFO 97076 --- [simulab-backend] [           main] o.apache.catalina.core.StandardService   : Starting service [Tomcat]
2026-04-12T10:34:40.277+09:00  INFO 97076 --- [simulab-backend] [           main] o.apache.catalina.core.StandardEngine    : Starting Servlet engine: [Apache Tomcat/10.1.26]
2026-04-12T10:34:40.432+09:00  INFO 97076 --- [simulab-backend] [           main] o.a.c.c.C.[.[localhost].[/simulab]       : Initializing Spring embedded WebApplicationContext
2026-04-12T10:34:40.432+09:00  INFO 97076 --- [simulab-backend] [           main] w.s.c.ServletWebServerApplicationContext : Root WebApplicationContext: initialization completed in 4777 ms
2026-04-12T10:34:40.548+09:00 DEBUG 97076 --- [simulab-backend] [           main] c.s.c.s.jwt.JwtAuthenticationFilter      : Filter 'jwtAuthenticationFilter' configured for use
Logging initialized using 'class org.apache.ibatis.logging.stdout.StdOutImpl' adapter.
Get /172.18.64.1 network interface 
Get network interface info: name:eth20 (Hyper-V Virtual Ethernet Adapter)
Initialization Sequence datacenterId:20 workerId:19
 _ _   |_  _ _|_. ___ _ |    _ 
| | |\/|_)(_| | |_\  |_)||_|_\ 
     /               |         
                        3.5.7 
2026-04-12T10:34:41.907+09:00  INFO 97076 --- [simulab-backend] [           main] com.zaxxer.hikari.HikariDataSource       : HikariPool-1 - Starting...
2026-04-12T10:34:42.748+09:00  INFO 97076 --- [simulab-backend] [           main] com.zaxxer.hikari.pool.HikariPool        : HikariPool-1 - Added connection com.mysql.cj.jdbc.ConnectionImpl@4b32465
2026-04-12T10:34:42.754+09:00  INFO 97076 --- [simulab-backend] [           main] com.zaxxer.hikari.HikariDataSource       : HikariPool-1 - Start completed.
2026-04-12T10:34:42.934+09:00  INFO 97076 --- [simulab-backend] [           main] org.flywaydb.core.FlywayExecutor         : Database: jdbc:mysql://localhost:3306/simulab (MySQL 8.0)
2026-04-12T10:34:43.127+09:00  INFO 97076 --- [simulab-backend] [           main] o.f.core.internal.command.DbValidate     : Successfully validated 8 migrations (execution time 00:00.109s)
2026-04-12T10:34:43.170+09:00  INFO 97076 --- [simulab-backend] [           main] o.f.core.internal.command.DbMigrate      : Current version of schema `simulab`: 8
2026-04-12T10:34:43.182+09:00  INFO 97076 --- [simulab-backend] [           main] o.f.core.internal.command.DbMigrate      : Schema `simulab` is up to date. No migration necessary.
2026-04-12T10:34:45.672+09:00  WARN 97076 --- [simulab-backend] [           main] .s.s.UserDetailsServiceAutoConfiguration : 

Using generated security password: 9486010e-92b1-4549-8f8d-b66c2cc49245

This generated password is for development use only. Your security configuration must be updated before running your application in production.

2026-04-12T10:34:45.696+09:00  INFO 97076 --- [simulab-backend] [           main] r$InitializeUserDetailsManagerConfigurer : Global AuthenticationManager configured with UserDetailsService bean with name inMemoryUserDetailsManager
2026-04-12T10:34:47.207+09:00  INFO 97076 --- [simulab-backend] [           main] o.s.b.w.embedded.tomcat.TomcatWebServer  : Tomcat started on port 18082 (http) with context path '/simulab'
2026-04-12T10:34:47.229+09:00  INFO 97076 --- [simulab-backend] [           main] com.simulab.SimuLabBackendApplication    : Started SimuLabBackendApplication in 12.695 seconds (process running for 19.123)
