
  .   ____          _            __ _ _
 /\\ / ___'_ __ _ _(_)_ __  __ _ \ \ \ \
( ( )\___ | '_ | '_| | '_ \/ _` | \ \ \ \
 \\/  ___)| |_)| | | | | || (_| |  ) ) ) )
  '  |____| .__|_| |_|_| |_\__, | / / / /
 =========|_|==============|___/=/_/_/_/

 :: Spring Boot ::                (v3.3.2)

2026-04-15T01:49:39.712+09:00  INFO 17712 --- [simulab-backend] [           main] com.simulab.SimuLabBackendApplication    : Starting SimuLabBackendApplication using Java 17.0.18 with PID 17712 (D:\vscodeProject\SimuLab\backend\target\classes started by 昄縞 in D:\vscodeProject\SimuLab\backend)
2026-04-15T01:49:39.715+09:00 DEBUG 17712 --- [simulab-backend] [           main] com.simulab.SimuLabBackendApplication    : Running with Spring Boot v3.3.2, Spring v6.1.11
2026-04-15T01:49:39.715+09:00  INFO 17712 --- [simulab-backend] [           main] com.simulab.SimuLabBackendApplication    : The following 1 profile is active: "dev"
2026-04-15T01:49:42.261+09:00  INFO 17712 --- [simulab-backend] [           main] .s.d.r.c.RepositoryConfigurationDelegate : Multiple Spring Data modules found, entering strict repository configuration mode
2026-04-15T01:49:42.261+09:00  INFO 17712 --- [simulab-backend] [           main] .s.d.r.c.RepositoryConfigurationDelegate : Bootstrapping Spring Data Redis repositories in DEFAULT mode.
2026-04-15T01:49:42.371+09:00  INFO 17712 --- [simulab-backend] [           main] .s.d.r.c.RepositoryConfigurationDelegate : Finished Spring Data repository scanning in 67 ms. Found 0 Redis repository interfaces.
2026-04-15T01:49:43.966+09:00  INFO 17712 --- [simulab-backend] [           main] o.s.b.w.embedded.tomcat.TomcatWebServer  : Tomcat initialized with port 18080 (http)
2026-04-15T01:49:43.982+09:00  INFO 17712 --- [simulab-backend] [           main] o.apache.catalina.core.StandardService   : Starting service [Tomcat]
2026-04-15T01:49:43.982+09:00  INFO 17712 --- [simulab-backend] [           main] o.apache.catalina.core.StandardEngine    : Starting Servlet engine: [Apache Tomcat/10.1.26]
2026-04-15T01:49:44.107+09:00  INFO 17712 --- [simulab-backend] [           main] o.a.c.c.C.[.[localhost].[/simulab]       : Initializing Spring embedded WebApplicationContext
2026-04-15T01:49:44.107+09:00  INFO 17712 --- [simulab-backend] [           main] w.s.c.ServletWebServerApplicationContext : Root WebApplicationContext: initialization completed in 4295 ms
2026-04-15T01:49:44.201+09:00 DEBUG 17712 --- [simulab-backend] [           main] c.s.c.s.jwt.JwtAuthenticationFilter      : Filter 'jwtAuthenticationFilter' configured for use
Logging initialized using 'class org.apache.ibatis.logging.stdout.StdOutImpl' adapter.
Get /172.18.64.1 network interface 
Get network interface info: name:eth20 (Hyper-V Virtual Ethernet Adapter)
Initialization Sequence datacenterId:20 workerId:20
 _ _   |_  _ _|_. ___ _ |    _ 
| | |\/|_)(_| | |_\  |_)||_|_\ 
     /               |         
                        3.5.7 
2026-04-15T01:49:45.867+09:00  INFO 17712 --- [simulab-backend] [           main] com.zaxxer.hikari.HikariDataSource       : HikariPool-1 - Starting...
2026-04-15T01:49:46.411+09:00  INFO 17712 --- [simulab-backend] [           main] com.zaxxer.hikari.pool.HikariPool        : HikariPool-1 - Added connection com.mysql.cj.jdbc.ConnectionImpl@adc3344
2026-04-15T01:49:46.427+09:00  INFO 17712 --- [simulab-backend] [           main] com.zaxxer.hikari.HikariDataSource       : HikariPool-1 - Start completed.
2026-04-15T01:49:46.495+09:00  INFO 17712 --- [simulab-backend] [           main] org.flywaydb.core.FlywayExecutor         : Database: jdbc:mysql://localhost:3306/simulab (MySQL 8.0)
2026-04-15T01:49:46.621+09:00  INFO 17712 --- [simulab-backend] [           main] o.f.core.internal.command.DbValidate     : Successfully validated 9 migrations (execution time 00:00.076s)
2026-04-15T01:49:46.661+09:00  INFO 17712 --- [simulab-backend] [           main] o.f.core.internal.command.DbMigrate      : Current version of schema `simulab`: 9
2026-04-15T01:49:46.667+09:00  INFO 17712 --- [simulab-backend] [           main] o.f.core.internal.command.DbMigrate      : Schema `simulab` is up to date. No migration necessary.
2026-04-15T01:49:47.930+09:00  WARN 17712 --- [simulab-backend] [           main] .s.s.UserDetailsServiceAutoConfiguration : 

Using generated security password: 559bb843-ad06-4363-8116-c336cd5c58b3

This generated password is for development use only. Your security configuration must be updated before running your application in production.

2026-04-15T01:49:47.945+09:00  INFO 17712 --- [simulab-backend] [           main] r$InitializeUserDetailsManagerConfigurer : Global AuthenticationManager configured with UserDetailsService bean with name inMemoryUserDetailsManager
2026-04-15T01:49:49.020+09:00  INFO 17712 --- [simulab-backend] [           main] o.s.b.w.embedded.tomcat.TomcatWebServer  : Tomcat started on port 18080 (http) with context path '/simulab'
2026-04-15T01:49:49.036+09:00  INFO 17712 --- [simulab-backend] [           main] com.simulab.SimuLabBackendApplication    : Started SimuLabBackendApplication in 10.401 seconds (process running for 11.292)
2026-04-15T01:49:50.488+09:00  INFO 17712 --- [simulab-backend] [io-18080-exec-2] o.a.c.c.C.[.[localhost].[/simulab]       : Initializing Spring DispatcherServlet 'dispatcherServlet'
2026-04-15T01:49:50.488+09:00  INFO 17712 --- [simulab-backend] [io-18080-exec-2] o.s.web.servlet.DispatcherServlet        : Initializing Servlet 'dispatcherServlet'
2026-04-15T01:49:50.488+09:00  INFO 17712 --- [simulab-backend] [io-18080-exec-2] o.s.web.servlet.DispatcherServlet        : Completed initialization in 0 ms
2026-04-15T01:49:51.445+09:00  INFO 17712 --- [simulab-backend] [io-18080-exec-2] SECURITY_AUDIT                           : [security-audit] action=login_attempt username=demo ip=127.0.0.1
Creating a new SqlSession
SqlSession [org.apache.ibatis.session.defaults.DefaultSqlSession@3b11cbd2] was not registered for synchronization because synchronization is not active
JDBC Connection [HikariProxyConnection@640750138 wrapping com.mysql.cj.jdbc.ConnectionImpl@adc3344] will not be managed by Spring
==>  Preparing: SELECT id,user_code,username,password_hash,display_name,email,status,preferred_language,is_demo_account,created_by,created_at,updated_by,updated_at,deleted,version FROM sys_user WHERE deleted=0 AND (username = ? AND deleted = ?)
==> Parameters: demo(String), 0(Integer)
<==    Columns: id, user_code, username, password_hash, display_name, email, status, preferred_language, is_demo_account, created_by, created_at, updated_by, updated_at, deleted, version
<==        Row: 1, U-DEMO-001, demo, {bcrypt}$2b$10$2LPf38WfpS4bNY6ach91EuUcL3g6rmicVXbSbYITpILurIrNMFIW2, Demo Engineer, demo@simulab.local, ACTIVE, en-US, 1, 0, 2026-04-08 23:26:46, 0, 2026-04-11 01:15:07, 0, 0
<==      Total: 1
Closing non transactional SqlSession [org.apache.ibatis.session.defaults.DefaultSqlSession@3b11cbd2]
Creating a new SqlSession
SqlSession [org.apache.ibatis.session.defaults.DefaultSqlSession@73865327] was not registered for synchronization because synchronization is not active
JDBC Connection [HikariProxyConnection@1421399294 wrapping com.mysql.cj.jdbc.ConnectionImpl@adc3344] will not be managed by Spring
==>  Preparing: SELECT r.role_code FROM sys_role r JOIN sys_user_role ur ON ur.role_id = r.id WHERE ur.user_id = ?
==> Parameters: 1(Long)
<==    Columns: role_code
<==        Row: ADMIN
<==      Total: 1
Closing non transactional SqlSession [org.apache.ibatis.session.defaults.DefaultSqlSession@73865327]
2026-04-15T01:49:51.815+09:00  INFO 17712 --- [simulab-backend] [io-18080-exec-2] SECURITY_AUDIT                           : [security-audit] action=login_success username=demo userId=1 ip=127.0.0.1
Creating a new SqlSession
SqlSession [org.apache.ibatis.session.defaults.DefaultSqlSession@736d2893] was not registered for synchronization because synchronization is not active
JDBC Connection [HikariProxyConnection@810972529 wrapping com.mysql.cj.jdbc.ConnectionImpl@adc3344] will not be managed by Spring
==>  Preparing: SELECT COUNT(*) AS total FROM fab_lot WHERE deleted = 0 AND (deleted = ? AND (is_demo = ? OR owner_user_id = ?))
==> Parameters: 0(Integer), 1(Integer), 1(Long)
<==    Columns: total
<==        Row: 26
<==      Total: 1
==>  Preparing: SELECT id,lot_no,product_id,owner_user_id,is_demo,lot_status,source_type,priority_level,wafer_count,collected_at,remark,dataset_id,created_by,created_at,updated_by,updated_at,deleted,version FROM fab_lot WHERE deleted=0 AND (deleted = ? AND (is_demo = ? OR owner_user_id = ?)) ORDER BY updated_at DESC,id DESC LIMIT ?
==> Parameters: 0(Integer), 1(Integer), 1(Long), 5(Long)
<==    Columns: id, lot_no, product_id, owner_user_id, is_demo, lot_status, source_type, priority_level, wafer_count, collected_at, remark, dataset_id, created_by, created_at, updated_by, updated_at, deleted, version
<==        Row: 2043135082992611331, LOT-NOISE-001, null, null, 1, IN_ANALYSIS, DEMO, HIGH, 1, null, 詢婑汒栳尨 lot, 8, 0, 2026-04-14 15:11:44, 0, 2026-04-14 15:11:44, 0, 0
<==        Row: 2043135082992611330, LOT-U-041210, null, 1, 0, READY, USER, NORMAL, 1, null, Generated by wafer config, null, 1, 2026-04-12 10:12:18, 1, 2026-04-12 10:12:18, 0, 0
<==        Row: 2043128040852664322, LOT-U-041209, null, 1, 0, READY, USER, NORMAL, 1, null, Generated by wafer config, null, 1, 2026-04-12 09:44:19, 1, 2026-04-12 09:44:19, 0, 0
<==        Row: 2042983567254458369, LOT-U-041200, null, 1, 0, READY, USER, NORMAL, 1, null, Generated by wafer config, null, 1, 2026-04-12 00:10:14, 1, 2026-04-12 00:10:14, 0, 0
<==        Row: 2042979590831939586, LOT-T18-EN-235414, null, 1, 0, READY, USER, NORMAL, 1, null, Generated by wafer config, null, 1, 2026-04-11 23:54:26, 1, 2026-04-11 23:54:26, 0, 0
<==      Total: 5
Closing non transactional SqlSession [org.apache.ibatis.session.defaults.DefaultSqlSession@736d2893]
Creating a new SqlSession
SqlSession [org.apache.ibatis.session.defaults.DefaultSqlSession@dcf94a7] was not registered for synchronization because synchronization is not active
JDBC Connection [HikariProxyConnection@1168812764 wrapping com.mysql.cj.jdbc.ConnectionImpl@adc3344] will not be managed by Spring
==>  Preparing: SELECT COUNT(*) AS total FROM fab_layer WHERE deleted = 0 AND (deleted = ? AND (created_by = ? OR created_by = ?))
==> Parameters: 0(Integer), 0(Long), 1(Long)
<==    Columns: total
<==        Row: 3
<==      Total: 1
==>  Preparing: SELECT id,layer_code,layer_name,layer_type,sequence_no,description,status,created_by,created_at,updated_by,updated_at,deleted,version FROM fab_layer WHERE deleted=0 AND (deleted = ? AND (created_by = ? OR created_by = ?)) ORDER BY sequence_no ASC,id ASC LIMIT ?
==> Parameters: 0(Integer), 0(Long), 1(Long), 5(Long)
<==    Columns: id, layer_code, layer_name, layer_type, sequence_no, description, status, created_by, created_at, updated_by, updated_at, deleted, version
<==        Row: 1, LAYER-M1, Metal 1, METAL, 10, M1 誑蟀脯, ACTIVE, 0, 2026-04-08 23:26:46, 0, 2026-04-08 23:26:46, 0, 0
<==        Row: 2, LAYER-VIA1, Via 1, CONTACT, 20, VIA1 諉揖脯, ACTIVE, 0, 2026-04-08 23:26:46, 0, 2026-04-08 23:26:46, 0, 0
<==        Row: 3, LAYER-M2, Metal 2, METAL, 30, M2 誑蟀脯, ACTIVE, 0, 2026-04-08 23:26:46, 0, 2026-04-08 23:26:46, 0, 0
<==      Total: 3
Closing non transactional SqlSession [org.apache.ibatis.session.defaults.DefaultSqlSession@dcf94a7]
Creating a new SqlSession
SqlSession [org.apache.ibatis.session.defaults.DefaultSqlSession@60f55c3b] was not registered for synchronization because synchronization is not active
JDBC Connection [HikariProxyConnection@2119539240 wrapping com.mysql.cj.jdbc.ConnectionImpl@adc3344] will not be managed by Spring
==>  Preparing: SELECT COUNT(*) AS total FROM fab_wafer WHERE deleted = 0 AND (deleted = ? AND lot_id IN (SELECT id FROM fab_lot WHERE deleted = 0 AND (is_demo = 1 OR owner_user_id = 1)))
==> Parameters: 0(Integer)
<==    Columns: total
<==        Row: 30
<==      Total: 1
==>  Preparing: SELECT id,lot_id,wafer_no,wafer_status,slot_no,diameter_mm,notch_direction,summary_tags_json,dataset_id,created_by,created_at,updated_by,updated_at,deleted,version FROM fab_wafer WHERE deleted=0 AND (deleted = ? AND lot_id IN (SELECT id FROM fab_lot WHERE deleted = 0 AND (is_demo = 1 OR owner_user_id = 1))) ORDER BY lot_id ASC,slot_no ASC,id ASC LIMIT ?
==> Parameters: 0(Integer), 5(Long)
<==    Columns: id, lot_id, wafer_no, wafer_status, slot_no, diameter_mm, notch_direction, summary_tags_json, dataset_id, created_by, created_at, updated_by, updated_at, deleted, version
<==        Row: 1, 1, W01, READY, 1, 300.00, UP, <<BLOB>>, 1, 0, 2026-04-08 23:26:46, 0, 2026-04-08 23:26:46, 0, 0
<==        Row: 2, 1, W02, READY, 2, 300.00, UP, <<BLOB>>, 1, 0, 2026-04-08 23:26:46, 0, 2026-04-08 23:26:46, 0, 0
<==        Row: 3, 1, W03, ANALYZED, 3, 300.00, UP, <<BLOB>>, 1, 0, 2026-04-08 23:26:46, 0, 2026-04-08 23:26:46, 0, 0
<==        Row: 10, 6, WS01, READY, 1, 300.00, UP, <<BLOB>>, 5, 0, 2026-04-09 12:59:04, 0, 2026-04-09 12:59:04, 0, 0
<==        Row: 11, 6, WS02, READY, 2, 300.00, UP, <<BLOB>>, 5, 0, 2026-04-09 12:59:04, 0, 2026-04-09 12:59:04, 0, 0
<==      Total: 5
Closing non transactional SqlSession [org.apache.ibatis.session.defaults.DefaultSqlSession@60f55c3b]
